<?xml version="1.0" encoding="UTF-8"?>
<testsuite xmlns:xsi="http://www.w3.org/2001/XMLSchema-instance" xsi:noNamespaceSchemaLocation="https://maven.apache.org/surefire/maven-surefire-plugin/xsd/surefire-test-report-3.0.xsd" version="3.0" name="com.unifacisa.VitorApp.VitorAppApplicationTests" time="4.096" tests="1" errors="0" skipped="0" failures="0">
  <properties>
[...]
</properties>
  <testcase name="contextLoads" classname="com.unifacisa.VitorApp.VitorAppApplicationTests" time="1.812">
    <system-out><![CDATA[19:38:36.957 [main] INFO org.springframework.test.context.support.AnnotationConfigContextLoaderUtils -- Could not detect default configuration classes for test class [com.unifacisa.VitorApp.VitorAppApplicationTests]: VitorAppApplicationTests does not declare any static, non-private, non-final, nested classes annotated with @Configuration.
19:38:37.106 [main] INFO org.springframework.boot.test.context.SpringBootTestContextBootstrapper -- Found @SpringBootConfiguration com.unifacisa.VitorApp.VitorAppApplication for test class com.unifacisa.VitorApp.VitorAppApplicationTests

  .   ____          _            __ _ _
 /\\ / ___'_ __ _ _(_)_ __  __ _ \ \ \ \
( ( )\___ | '_ | '_| | '_ \/ _` | \ \ \ \
 \\/  ___)| |_)| | | | | || (_| |  ) ) ) )
  '  |____| .__|_| |_|_| |_\__, | / / / /
 =========|_|==============|___/=/_/_/_/
 :: Spring Boot ::                (v3.1.2)

2023-08-17T19:38:37.614-03:00  INFO 5864 --- [           main] c.u.VitorApp.VitorAppApplicationTests    : Starting VitorAppApplicationTests using Java 17.0.2 with PID 5864 (started by Vitor Scherf in C:\Users\Vitor Scherf\Desktop\VitorApp\VitorApp)
2023-08-17T19:38:37.617-03:00  INFO 5864 --- [           main] c.u.VitorApp.VitorAppApplicationTests    : No active profile set, falling back to 1 default profile: "default"
2023-08-17T19:38:38.982-03:00  INFO 5864 --- [           main] c.u.VitorApp.VitorAppApplicationTests    : Started VitorAppApplicationTests in 1.687 seconds (process running for 3.029)
]]></system-out>
  </testcase>
</testsuite>